#! /c/Source/iverilog-install/bin/vvp
:ivl_version "12.0 (devel)" "(s20150603-1539-g2693dd32b)";
:ivl_delay_selection "TYPICAL";
:vpi_time_precision - 10;
:vpi_module "D:\iverilog\lib\ivl\system.vpi";
:vpi_module "D:\iverilog\lib\ivl\vhdl_sys.vpi";
:vpi_module "D:\iverilog\lib\ivl\vhdl_textio.vpi";
:vpi_module "D:\iverilog\lib\ivl\v2005_math.vpi";
:vpi_module "D:\iverilog\lib\ivl\va_math.vpi";
S_000001eaf8dda660 .scope module, "tb_Blinky" "tb_Blinky" 2 3;
 .timescale -9 -10;
P_000001eaf8dd8f10 .param/l "SYSCLK_PERIOD" 0 2 5, +C4<00000000000000000000000000001010>;
v000001eaf8e249e0_0 .var "NSYSRESET", 0 0;
v000001eaf8e24a80_0 .net "O_led", 0 0, L_000001eaf8e15850;  1 drivers
v000001eaf8e24b20_0 .var "SYSCLK", 0 0;
v000001eaf8e24bc0_0 .var/i "i", 31 0;
S_000001eaf8ddae20 .scope module, "Blinky_ut0" "Blinky" 2 39, 3 1 0, S_000001eaf8dda660;
 .timescale 0 0;
    .port_info 0 /INPUT 1 "clock";
    .port_info 1 /INPUT 1 "reset";
    .port_info 2 /OUTPUT 1 "io_led0";
L_000001eaf8e15850 .functor BUFZ 1, v000001eaf8df2e00_0, C4<0>, C4<0>, C4<0>;
v000001eaf8df3360_0 .net "_counterWrap_wrap_value_T_1", 5 0, L_000001eaf8eb5b20;  1 drivers
L_000001eaf8e6d028 .functor BUFT 1, C4<110001>, C4<0>, C4<0>, C4<0>;
v000001eaf8dda220_0 .net/2u *"_ivl_0", 5 0, L_000001eaf8e6d028;  1 drivers
L_000001eaf8e6d070 .functor BUFT 1, C4<000001>, C4<0>, C4<0>, C4<0>;
v000001eaf8df2ae0_0 .net/2u *"_ivl_4", 5 0, L_000001eaf8e6d070;  1 drivers
v000001eaf8df2b80_0 .net "clock", 0 0, v000001eaf8e24b20_0;  1 drivers
v000001eaf8df2c20_0 .var "counterWrap_c_value", 5 0;
v000001eaf8df2cc0_0 .net "counterWrap_wrap_wrap", 0 0, L_000001eaf8e24c60;  1 drivers
v000001eaf8df2d60_0 .net "io_led0", 0 0, L_000001eaf8e15850;  alias, 1 drivers
v000001eaf8df2e00_0 .var "led", 0 0;
v000001eaf8df2ea0_0 .net "reset", 0 0, v000001eaf8e249e0_0;  1 drivers
E_000001eaf8dd8850 .event posedge, v000001eaf8df2b80_0;
L_000001eaf8e24c60 .cmp/eq 6, v000001eaf8df2c20_0, L_000001eaf8e6d028;
L_000001eaf8eb5b20 .arith/sum 6, v000001eaf8df2c20_0, L_000001eaf8e6d070;
    .scope S_000001eaf8ddae20;
T_0 ;
    %wait E_000001eaf8dd8850;
    %load/vec4 v000001eaf8df2ea0_0;
    %flag_set/vec4 8;
    %jmp/0xz  T_0.0, 8;
    %pushi/vec4 0, 0, 1;
    %assign/vec4 v000001eaf8df2e00_0, 0;
    %jmp T_0.1;
T_0.0 ;
    %load/vec4 v000001eaf8df2cc0_0;
    %flag_set/vec4 8;
    %jmp/0xz  T_0.2, 8;
    %load/vec4 v000001eaf8df2e00_0;
    %inv;
    %assign/vec4 v000001eaf8df2e00_0, 0;
T_0.2 ;
T_0.1 ;
    %load/vec4 v000001eaf8df2ea0_0;
    %flag_set/vec4 8;
    %jmp/0xz  T_0.4, 8;
    %pushi/vec4 0, 0, 6;
    %assign/vec4 v000001eaf8df2c20_0, 0;
    %jmp T_0.5;
T_0.4 ;
    %load/vec4 v000001eaf8df2cc0_0;
    %flag_set/vec4 8;
    %jmp/0xz  T_0.6, 8;
    %pushi/vec4 0, 0, 6;
    %assign/vec4 v000001eaf8df2c20_0, 0;
    %jmp T_0.7;
T_0.6 ;
    %load/vec4 v000001eaf8df3360_0;
    %assign/vec4 v000001eaf8df2c20_0, 0;
T_0.7 ;
T_0.5 ;
    %jmp T_0;
    .thread T_0;
    .scope S_000001eaf8dda660;
T_1 ;
    %pushi/vec4 0, 0, 1;
    %store/vec4 v000001eaf8e24b20_0, 0, 1;
    %pushi/vec4 1, 0, 1;
    %store/vec4 v000001eaf8e249e0_0, 0, 1;
    %delay 300, 0;
    %pushi/vec4 0, 0, 1;
    %store/vec4 v000001eaf8e249e0_0, 0, 1;
    %end;
    .thread T_1;
    .scope S_000001eaf8dda660;
T_2 ;
    %vpi_call 2 26 "$dumpfile", "tb_Blinky.vcd" {0 0 0};
    %vpi_call 2 27 "$dumpvars", 32'sb00000000000000000000000000000000, S_000001eaf8dda660 {0 0 0};
    %end;
    .thread T_2;
    .scope S_000001eaf8dda660;
T_3 ;
    %delay 0, 0;
    %pushi/vec4 0, 0, 32;
    %store/vec4 v000001eaf8e24bc0_0, 0, 32;
T_3.0 ;
    %load/vec4 v000001eaf8e24bc0_0;
    %cmpi/s 4000, 0, 32;
    %jmp/0xz T_3.1, 5;
    %load/vec4 v000001eaf8e24b20_0;
    %nor/r;
    %store/vec4 v000001eaf8e24b20_0, 0, 1;
    %delay 50, 0;
    %load/vec4 v000001eaf8e24bc0_0;
    %addi 1, 0, 32;
    %store/vec4 v000001eaf8e24bc0_0, 0, 32;
    %jmp T_3.0;
T_3.1 ;
    %end;
    .thread T_3;
# The file index is used to find the file name in the following table.
:file_names 4;
    "N/A";
    "<interactive>";
    "tb_Blinky.v";
    "Blinky.v";
